{"/Users/wizzy/Desktop/Code/tutorials/react-testing/react-testing/src/components/greet/Greet.tsx": {"path":"/Users/wizzy/Desktop/Code/tutorials/react-testing/react-testing/src/components/greet/Greet.tsx","statementMap":{"0":{"start":{"line":4,"column":21},"end":{"line":10,"column":1}},"1":{"start":{"line":5,"column":2},"end":{"line":9,"column":4}}},"fnMap":{"0":{"name":"(anonymous_0)","decl":{"start":{"line":4,"column":21},"end":{"line":4,"column":22}},"loc":{"start":{"line":4,"column":43},"end":{"line":10,"column":1}},"line":4}},"branchMap":{},"s":{"0":1,"1":2},"f":{"0":2},"b":{},"_coverageSchema":"1a1c01bbd47fc00a2c39e90264f33305004495a9","hash":"d3c6f35f29e2a364a271a146fe426247280061f7"}
,"/Users/wizzy/Desktop/Code/tutorials/react-testing/react-testing/src/components/greet/application/Application.tsx": {"path":"/Users/wizzy/Desktop/Code/tutorials/react-testing/react-testing/src/components/greet/application/Application.tsx","statementMap":{"0":{"start":{"line":1,"column":27},"end":{"line":46,"column":1}},"1":{"start":{"line":2,"column":2},"end":{"line":45,"column":4}}},"fnMap":{"0":{"name":"(anonymous_0)","decl":{"start":{"line":1,"column":27},"end":{"line":1,"column":28}},"loc":{"start":{"line":1,"column":33},"end":{"line":46,"column":1}},"line":1},"1":{"name":"(anonymous_1)","decl":{"start":{"line":18,"column":22},"end":{"line":18,"column":23}},"loc":{"start":{"line":18,"column":28},"end":{"line":18,"column":30}},"line":18}},"branchMap":{},"s":{"0":1,"1":1},"f":{"0":1,"1":0},"b":{},"_coverageSchema":"1a1c01bbd47fc00a2c39e90264f33305004495a9","hash":"ae24e5163b2a426be57b7ca149296cc7b8453ae4"}
}
